<?xml version="1.0" encoding="UTF-8"?>
<!-- Generated by org.testng.reporters.JUnitXMLReporter -->
<testsuite ignored="0" hostname="DESKTOP-VNJ770D" failures="0" tests="3" name="Default test" time="81.173" errors="0" timestamp="2026-01-03T19:47:39 IST">
  <testcase classname="tests.loginTest" name="shouldBeLogin" time="35.563"/>
  <testcase classname="tests.loginTest" name="shouldBeLogin" time="11.781"/>
  <testcase classname="tests.loginTest" name="shouldBeLogin" time="28.199"/>
</testsuite> <!-- Default test -->
