<?xml version="1.0" encoding="UTF-8"?>
<!-- Generated by org.testng.reporters.JUnitXMLReporter -->
<testsuite ignored="0" hostname="DESKTOP-VNJ770D" failures="0" tests="3" name="Default test" time="55.689" errors="0" timestamp="2026-01-03T15:26:49 IST">
  <testcase classname="tests.loginTest" name="shouldBeLogin" time="23.042"/>
  <testcase classname="tests.loginTest" name="shouldBeLogin" time="10.649"/>
  <testcase classname="tests.loginTest" name="shouldBeLogin" time="17.731"/>
</testsuite> <!-- Default test -->
