<?xml version="1.0" encoding="UTF-8"?>
<testng-results ignored="0" total="3" passed="3" failed="0" skipped="0">
  <reporter-output>
  </reporter-output>
  <suite started-at="2026-01-03T19:46:18 IST" name="Default suite" finished-at="2026-01-03T19:47:39 IST" duration-ms="81173">
    <groups>
    </groups>
    <test started-at="2026-01-03T19:46:18 IST" name="Default test" finished-at="2026-01-03T19:47:39 IST" duration-ms="81173">
      <class name="tests.loginTest">
        <test-method is-config="true" signature="serviceStart()[pri:0, instance:tests.loginTest@27e47833]" started-at="2026-01-03T19:46:18 IST" name="serviceStart" finished-at="2026-01-03T19:46:22 IST" duration-ms="3958" status="PASS">
          <reporter-output>
          </reporter-output>
        </test-method> <!-- serviceStart -->
        <test-method is-config="true" signature="resetAppBeforeTest()[pri:0, instance:tests.loginTest@27e47833]" started-at="2026-01-03T19:46:22 IST" name="resetAppBeforeTest" finished-at="2026-01-03T19:46:22 IST" duration-ms="320" status="PASS">
          <reporter-output>
          </reporter-output>
        </test-method> <!-- resetAppBeforeTest -->
        <test-method signature="shouldBeLogin(java.lang.String,java.lang.String,java.lang.String,[Ljava.lang.String;)[pri:0, instance:tests.loginTest@27e47833]" started-at="2026-01-03T19:46:22 IST" name="shouldBeLogin" data-provider="loginData" finished-at="2026-01-03T19:46:57 IST" duration-ms="35563" status="PASS">
          <params>
            <param index="0">
              <value>
                <![CDATA[Dominica]]>
              </value>
            </param>
            <param index="1">
              <value>
                <![CDATA[Bryan]]>
              </value>
            </param>
            <param index="2">
              <value>
                <![CDATA[Male]]>
              </value>
            </param>
            <param index="3">
              <value>
                <![CDATA[[Ljava.lang.String;@69ce2f62]]>
              </value>
            </param>
          </params>
          <reporter-output>
          </reporter-output>
        </test-method> <!-- shouldBeLogin -->
        <test-method is-config="true" signature="resetAppBeforeTest()[pri:0, instance:tests.loginTest@27e47833]" started-at="2026-01-03T19:46:57 IST" name="resetAppBeforeTest" finished-at="2026-01-03T19:46:58 IST" duration-ms="676" status="PASS">
          <reporter-output>
          </reporter-output>
        </test-method> <!-- resetAppBeforeTest -->
        <test-method signature="shouldBeLogin(java.lang.String,java.lang.String,java.lang.String,[Ljava.lang.String;)[pri:0, instance:tests.loginTest@27e47833]" started-at="2026-01-03T19:46:58 IST" name="shouldBeLogin" data-provider="loginData" finished-at="2026-01-03T19:47:10 IST" duration-ms="11781" status="PASS">
          <params>
            <param index="0">
              <value>
                <![CDATA[Argentina]]>
              </value>
            </param>
            <param index="1">
              <value>
                <![CDATA[Alex]]>
              </value>
            </param>
            <param index="2">
              <value>
                <![CDATA[Male]]>
              </value>
            </param>
            <param index="3">
              <value>
                <![CDATA[[Ljava.lang.String;@77128dab]]>
              </value>
            </param>
          </params>
          <reporter-output>
          </reporter-output>
        </test-method> <!-- shouldBeLogin -->
        <test-method is-config="true" signature="resetAppBeforeTest()[pri:0, instance:tests.loginTest@27e47833]" started-at="2026-01-03T19:47:10 IST" name="resetAppBeforeTest" finished-at="2026-01-03T19:47:11 IST" duration-ms="650" status="PASS">
          <reporter-output>
          </reporter-output>
        </test-method> <!-- resetAppBeforeTest -->
        <test-method signature="shouldBeLogin(java.lang.String,java.lang.String,java.lang.String,[Ljava.lang.String;)[pri:0, instance:tests.loginTest@27e47833]" started-at="2026-01-03T19:47:11 IST" name="shouldBeLogin" data-provider="loginData" finished-at="2026-01-03T19:47:39 IST" duration-ms="28199" status="PASS">
          <params>
            <param index="0">
              <value>
                <![CDATA[China]]>
              </value>
            </param>
            <param index="1">
              <value>
                <![CDATA[Domina]]>
              </value>
            </param>
            <param index="2">
              <value>
                <![CDATA[Female]]>
              </value>
            </param>
            <param index="3">
              <value>
                <![CDATA[[Ljava.lang.String;@63429932]]>
              </value>
            </param>
          </params>
          <reporter-output>
          </reporter-output>
        </test-method> <!-- shouldBeLogin -->
      </class> <!-- tests.loginTest -->
    </test> <!-- Default test -->
  </suite> <!-- Default suite -->
</testng-results>
