<?xml version="1.0" encoding="UTF-8"?>
<testng-results ignored="0" total="3" passed="3" failed="0" skipped="0">
  <reporter-output>
  </reporter-output>
  <suite started-at="2026-01-03T18:15:03 IST" name="Default suite" finished-at="2026-01-03T18:16:29 IST" duration-ms="85752">
    <groups>
    </groups>
    <test started-at="2026-01-03T18:15:03 IST" name="Default test" finished-at="2026-01-03T18:16:29 IST" duration-ms="85752">
      <class name="tests.cartTest">
        <test-method is-config="true" signature="serviceStart()[pri:0, instance:tests.cartTest@29a5f4e7]" started-at="2026-01-03T18:15:03 IST" name="serviceStart" finished-at="2026-01-03T18:15:08 IST" duration-ms="5213" status="PASS">
          <reporter-output>
          </reporter-output>
        </test-method> <!-- serviceStart -->
        <test-method is-config="true" signature="resetAppBeforeTest()[pri:0, instance:tests.cartTest@29a5f4e7]" started-at="2026-01-03T18:15:08 IST" name="resetAppBeforeTest" finished-at="2026-01-03T18:15:09 IST" duration-ms="480" status="PASS">
          <reporter-output>
          </reporter-output>
        </test-method> <!-- resetAppBeforeTest -->
        <test-method signature="CartTest(java.lang.String,java.lang.String,java.lang.String,[Ljava.lang.String;)[pri:0, instance:tests.cartTest@29a5f4e7]" started-at="2026-01-03T18:15:09 IST" name="CartTest" data-provider="loginData" finished-at="2026-01-03T18:15:42 IST" duration-ms="33278" status="PASS">
          <params>
            <param index="0">
              <value>
                <![CDATA[Dominica]]>
              </value>
            </param>
            <param index="1">
              <value>
                <![CDATA[Bryan]]>
              </value>
            </param>
            <param index="2">
              <value>
                <![CDATA[Male]]>
              </value>
            </param>
            <param index="3">
              <value>
                <![CDATA[[Ljava.lang.String;@7aad3f7d]]>
              </value>
            </param>
          </params>
          <reporter-output>
          </reporter-output>
        </test-method> <!-- CartTest -->
        <test-method is-config="true" signature="resetAppBeforeTest()[pri:0, instance:tests.cartTest@29a5f4e7]" started-at="2026-01-03T18:15:42 IST" name="resetAppBeforeTest" finished-at="2026-01-03T18:15:42 IST" duration-ms="422" status="PASS">
          <reporter-output>
          </reporter-output>
        </test-method> <!-- resetAppBeforeTest -->
        <test-method signature="CartTest(java.lang.String,java.lang.String,java.lang.String,[Ljava.lang.String;)[pri:0, instance:tests.cartTest@29a5f4e7]" started-at="2026-01-03T18:15:42 IST" name="CartTest" data-provider="loginData" finished-at="2026-01-03T18:16:02 IST" duration-ms="20083" status="PASS">
          <params>
            <param index="0">
              <value>
                <![CDATA[Argentina]]>
              </value>
            </param>
            <param index="1">
              <value>
                <![CDATA[Alex]]>
              </value>
            </param>
            <param index="2">
              <value>
                <![CDATA[Male]]>
              </value>
            </param>
            <param index="3">
              <value>
                <![CDATA[[Ljava.lang.String;@6f667ad1]]>
              </value>
            </param>
          </params>
          <reporter-output>
          </reporter-output>
        </test-method> <!-- CartTest -->
        <test-method is-config="true" signature="resetAppBeforeTest()[pri:0, instance:tests.cartTest@29a5f4e7]" started-at="2026-01-03T18:16:02 IST" name="resetAppBeforeTest" finished-at="2026-01-03T18:16:03 IST" duration-ms="467" status="PASS">
          <reporter-output>
          </reporter-output>
        </test-method> <!-- resetAppBeforeTest -->
        <test-method signature="CartTest(java.lang.String,java.lang.String,java.lang.String,[Ljava.lang.String;)[pri:0, instance:tests.cartTest@29a5f4e7]" started-at="2026-01-03T18:16:03 IST" name="CartTest" data-provider="loginData" finished-at="2026-01-03T18:16:29 IST" duration-ms="25778" status="PASS">
          <params>
            <param index="0">
              <value>
                <![CDATA[China]]>
              </value>
            </param>
            <param index="1">
              <value>
                <![CDATA[Domina]]>
              </value>
            </param>
            <param index="2">
              <value>
                <![CDATA[Female]]>
              </value>
            </param>
            <param index="3">
              <value>
                <![CDATA[[Ljava.lang.String;@566d0c69]]>
              </value>
            </param>
          </params>
          <reporter-output>
          </reporter-output>
        </test-method> <!-- CartTest -->
      </class> <!-- tests.cartTest -->
    </test> <!-- Default test -->
  </suite> <!-- Default suite -->
</testng-results>
