<?xml version="1.0" encoding="UTF-8"?>
<!-- Generated by org.testng.reporters.JUnitReportReporter -->
<testsuite hostname="DESKTOP-VNJ770D" failures="0" tests="3" name="tests.loginTest" time="77.189" errors="0" timestamp="2026-01-03T19:47:39 IST" skipped="0">
  <testcase classname="tests.loginTest" name="shouldBeLogin" time="12.101"/>
  <testcase classname="tests.loginTest" name="shouldBeLogin" time="28.875"/>
  <testcase classname="tests.loginTest" name="shouldBeLogin" time="36.213"/>
</testsuite> <!-- tests.loginTest -->
