<?xml version="1.0" encoding="UTF-8"?>
<!-- Generated by org.testng.reporters.JUnitReportReporter -->
<testsuite hostname="DESKTOP-VNJ770D" failures="0" tests="3" name="tests.loginTest" time="52.660" errors="0" timestamp="2026-01-03T15:26:49 IST" skipped="0">
  <testcase classname="tests.loginTest" name="shouldBeLogin" time="23.421"/>
  <testcase classname="tests.loginTest" name="shouldBeLogin" time="18.220"/>
  <testcase classname="tests.loginTest" name="shouldBeLogin" time="11.019"/>
</testsuite> <!-- tests.loginTest -->
