<?xml version="1.0" encoding="UTF-8"?>
<!-- Generated by org.testng.reporters.JUnitReportReporter -->
<testsuite hostname="DESKTOP-VNJ770D" failures="0" tests="3" name="tests.productTest" time="77.589" errors="0" timestamp="2026-01-03T15:49:00 IST" skipped="0">
  <testcase classname="tests.productTest" name="ProductTest" time="19.140"/>
  <testcase classname="tests.productTest" name="ProductTest" time="33.793"/>
  <testcase classname="tests.productTest" name="ProductTest" time="24.656"/>
</testsuite> <!-- tests.productTest -->
