<?xml version="1.0" encoding="UTF-8"?>
<!-- Generated by org.testng.reporters.JUnitReportReporter -->
<testsuite hostname="DESKTOP-VNJ770D" failures="0" tests="3" name="tests.cartTest" time="80.508" errors="0" timestamp="2026-01-03T18:16:29 IST" skipped="0">
  <testcase classname="tests.cartTest" name="CartTest" time="33.758"/>
  <testcase classname="tests.cartTest" name="CartTest" time="20.505"/>
  <testcase classname="tests.cartTest" name="CartTest" time="26.245"/>
</testsuite> <!-- tests.cartTest -->
