<?xml version="1.0" encoding="UTF-8"?>
<!-- Generated by org.testng.reporters.JUnitReportReporter -->
<testsuite hostname="DESKTOP-VNJ770D" failures="0" tests="3" name="appium.framework.Apptest" time="32.774" errors="0" timestamp="2026-01-02T21:32:07 IST" skipped="0">
  <testcase classname="appium.framework.Apptest" name="LoginTest" time="21.182"/>
  <testcase classname="appium.framework.Apptest" name="ProductTest" time="10.250"/>
  <testcase classname="appium.framework.Apptest" name="CartTest" time="1.342"/>
</testsuite> <!-- appium.framework.Apptest -->
